[2025-09-05T11:07:49.046-0500] {taskinstance.py:1159} INFO - Dependencies all met for dep_context=non-requeueable deps ti=<TaskInstance: movie_sentiment_retrain.notify_results manual__2025-09-05T15:35:22.260953+00:00 [queued]>
[2025-09-05T11:07:49.050-0500] {taskinstance.py:1159} INFO - Dependencies all met for dep_context=requeueable deps ti=<TaskInstance: movie_sentiment_retrain.notify_results manual__2025-09-05T15:35:22.260953+00:00 [queued]>
[2025-09-05T11:07:49.050-0500] {taskinstance.py:1361} INFO - Starting attempt 1 of 2
[2025-09-05T11:07:49.056-0500] {taskinstance.py:1382} INFO - Executing <Task(PythonOperator): notify_results> on 2025-09-05 15:35:22.260953+00:00
[2025-09-05T11:07:49.061-0500] {standard_task_runner.py:57} INFO - Started process 16521 to run task
[2025-09-05T11:07:49.065-0500] {standard_task_runner.py:84} INFO - Running: ['airflow', 'tasks', 'run', 'movie_sentiment_retrain', 'notify_results', 'manual__2025-09-05T15:35:22.260953+00:00', '--job-id', '26', '--raw', '--subdir', 'DAGS_FOLDER/retrain_pipeline.py', '--cfg-path', '/var/folders/q5/0d_dg10s4m55__wc3fybh0280000gr/T/tmpjusyyc11']
[2025-09-05T11:07:49.068-0500] {standard_task_runner.py:85} INFO - Job 26: Subtask notify_results
[2025-09-05T11:07:49.089-0500] {task_command.py:416} INFO - Running <TaskInstance: movie_sentiment_retrain.notify_results manual__2025-09-05T15:35:22.260953+00:00 [running]> on host SebastianSamay.local
[2025-09-05T11:07:49.112-0500] {taskinstance.py:1662} INFO - Exporting env vars: AIRFLOW_CTX_DAG_OWNER='mlops-team' AIRFLOW_CTX_DAG_ID='movie_sentiment_retrain' AIRFLOW_CTX_TASK_ID='notify_results' AIRFLOW_CTX_EXECUTION_DATE='2025-09-05T15:35:22.260953+00:00' AIRFLOW_CTX_TRY_NUMBER='1' AIRFLOW_CTX_DAG_RUN_ID='manual__2025-09-05T15:35:22.260953+00:00'
[2025-09-05T11:07:49.113-0500] {logging_mixin.py:154} INFO - ==================================================
[2025-09-05T11:07:49.113-0500] {logging_mixin.py:154} INFO - 📊 RESUMEN DEL PIPELINE
[2025-09-05T11:07:49.113-0500] {logging_mixin.py:154} INFO - ==================================================
[2025-09-05T11:07:49.113-0500] {logging_mixin.py:154} INFO - Fecha: 2025-09-05 11:07:49.113632
[2025-09-05T11:07:49.116-0500] {logging_mixin.py:154} INFO - Drift detectado: Sí
[2025-09-05T11:07:49.116-0500] {logging_mixin.py:154} INFO -   - Dataset drift: 0.5
[2025-09-05T11:07:49.117-0500] {logging_mixin.py:154} INFO - 
📦 Nuevo modelo: logistic_regression_bayesian.pkl
[2025-09-05T11:07:49.118-0500] {logging_mixin.py:154} INFO - ⚠️ Error leyendo comparación: Expecting value: line 24 column 21 (char 492)
[2025-09-05T11:07:49.118-0500] {logging_mixin.py:154} INFO - ==================================================
[2025-09-05T11:07:49.118-0500] {python.py:194} INFO - Done. Returned value was: True
[2025-09-05T11:07:49.123-0500] {taskinstance.py:1400} INFO - Marking task as SUCCESS. dag_id=movie_sentiment_retrain, task_id=notify_results, execution_date=20250905T153522, start_date=20250905T160749, end_date=20250905T160749
[2025-09-05T11:07:49.159-0500] {local_task_job_runner.py:228} INFO - Task exited with return code 0
[2025-09-05T11:07:49.166-0500] {taskinstance.py:2778} INFO - 0 downstream tasks scheduled from follow-on schedule check
