[2025-09-03T21:14:20.321-0500] {taskinstance.py:1159} INFO - Dependencies all met for dep_context=non-requeueable deps ti=<TaskInstance: movie_sentiment_retrain.notify_results manual__2025-09-04T02:13:50.206166+00:00 [queued]>
[2025-09-03T21:14:20.324-0500] {taskinstance.py:1159} INFO - Dependencies all met for dep_context=requeueable deps ti=<TaskInstance: movie_sentiment_retrain.notify_results manual__2025-09-04T02:13:50.206166+00:00 [queued]>
[2025-09-03T21:14:20.324-0500] {taskinstance.py:1361} INFO - Starting attempt 1 of 2
[2025-09-03T21:14:20.329-0500] {taskinstance.py:1382} INFO - Executing <Task(PythonOperator): notify_results> on 2025-09-04 02:13:50.206166+00:00
[2025-09-03T21:14:20.333-0500] {standard_task_runner.py:57} INFO - Started process 2933 to run task
[2025-09-03T21:14:20.336-0500] {standard_task_runner.py:84} INFO - Running: ['airflow', 'tasks', 'run', 'movie_sentiment_retrain', 'notify_results', 'manual__2025-09-04T02:13:50.206166+00:00', '--job-id', '24', '--raw', '--subdir', 'DAGS_FOLDER/retrain_pipeline.py', '--cfg-path', '/var/folders/q5/0d_dg10s4m55__wc3fybh0280000gr/T/tmpmczpyk69']
[2025-09-03T21:14:20.337-0500] {standard_task_runner.py:85} INFO - Job 24: Subtask notify_results
[2025-09-03T21:14:20.353-0500] {task_command.py:416} INFO - Running <TaskInstance: movie_sentiment_retrain.notify_results manual__2025-09-04T02:13:50.206166+00:00 [running]> on host SebastianSamay.local
[2025-09-03T21:14:20.373-0500] {taskinstance.py:1662} INFO - Exporting env vars: AIRFLOW_CTX_DAG_OWNER='mlops-team' AIRFLOW_CTX_DAG_ID='movie_sentiment_retrain' AIRFLOW_CTX_TASK_ID='notify_results' AIRFLOW_CTX_EXECUTION_DATE='2025-09-04T02:13:50.206166+00:00' AIRFLOW_CTX_TRY_NUMBER='1' AIRFLOW_CTX_DAG_RUN_ID='manual__2025-09-04T02:13:50.206166+00:00'
[2025-09-03T21:14:20.376-0500] {logging_mixin.py:154} INFO - ==================================================
[2025-09-03T21:14:20.377-0500] {logging_mixin.py:154} INFO - 📧 RESUMEN DEL PIPELINE
[2025-09-03T21:14:20.377-0500] {logging_mixin.py:154} INFO - ==================================================
[2025-09-03T21:14:20.377-0500] {logging_mixin.py:154} INFO - Fecha: 2025-09-03 21:14:20.377321
[2025-09-03T21:14:20.377-0500] {logging_mixin.py:154} INFO - Drift detectado: None
[2025-09-03T21:14:20.377-0500] {logging_mixin.py:154} INFO - No se entrenó nuevo modelo
[2025-09-03T21:14:20.377-0500] {logging_mixin.py:154} INFO - ==================================================
[2025-09-03T21:14:20.378-0500] {python.py:194} INFO - Done. Returned value was: True
[2025-09-03T21:14:20.382-0500] {taskinstance.py:1400} INFO - Marking task as SUCCESS. dag_id=movie_sentiment_retrain, task_id=notify_results, execution_date=20250904T021350, start_date=20250904T021420, end_date=20250904T021420
[2025-09-03T21:14:20.389-0500] {local_task_job_runner.py:228} INFO - Task exited with return code 0
[2025-09-03T21:14:20.395-0500] {taskinstance.py:2778} INFO - 0 downstream tasks scheduled from follow-on schedule check
