[2025-09-04T21:19:31.588-0500] {taskinstance.py:1159} INFO - Dependencies all met for dep_context=non-requeueable deps ti=<TaskInstance: movie_sentiment_retrain.check_drift manual__2025-09-05T02:19:23.976252+00:00 [queued]>
[2025-09-04T21:19:31.590-0500] {taskinstance.py:1159} INFO - Dependencies all met for dep_context=requeueable deps ti=<TaskInstance: movie_sentiment_retrain.check_drift manual__2025-09-05T02:19:23.976252+00:00 [queued]>
[2025-09-04T21:19:31.590-0500] {taskinstance.py:1361} INFO - Starting attempt 1 of 2
[2025-09-04T21:19:31.595-0500] {taskinstance.py:1382} INFO - Executing <Task(BranchPythonOperator): check_drift> on 2025-09-05 02:19:23.976252+00:00
[2025-09-04T21:19:31.598-0500] {standard_task_runner.py:57} INFO - Started process 35419 to run task
[2025-09-04T21:19:31.601-0500] {standard_task_runner.py:84} INFO - Running: ['airflow', 'tasks', 'run', 'movie_sentiment_retrain', 'check_drift', 'manual__2025-09-05T02:19:23.976252+00:00', '--job-id', '106', '--raw', '--subdir', 'DAGS_FOLDER/retrain_pipeline.py', '--cfg-path', '/var/folders/q5/0d_dg10s4m55__wc3fybh0280000gr/T/tmppkkkm31q']
[2025-09-04T21:19:31.602-0500] {standard_task_runner.py:85} INFO - Job 106: Subtask check_drift
[2025-09-04T21:19:31.618-0500] {task_command.py:416} INFO - Running <TaskInstance: movie_sentiment_retrain.check_drift manual__2025-09-05T02:19:23.976252+00:00 [running]> on host SebastianSamay.local
[2025-09-04T21:19:31.637-0500] {taskinstance.py:1662} INFO - Exporting env vars: AIRFLOW_CTX_DAG_OWNER='mlops-team' AIRFLOW_CTX_DAG_ID='movie_sentiment_retrain' AIRFLOW_CTX_TASK_ID='check_drift' AIRFLOW_CTX_EXECUTION_DATE='2025-09-05T02:19:23.976252+00:00' AIRFLOW_CTX_TRY_NUMBER='1' AIRFLOW_CTX_DAG_RUN_ID='manual__2025-09-05T02:19:23.976252+00:00'
[2025-09-04T21:19:38.347-0500] {logging_mixin.py:154} INFO - Salida del monitor: Use Airflow!
reference_data_path
Datos de referencia cargados: 10000 muestras

============================================================
📊 ANÁLISIS DETALLADO DE DRIFT
============================================================

🎯 DATASET DRIFT:
   - Drift detectado: SÍ ⚠️
   - Porcentaje de features con drift: 50.00%
   - Features con drift: 6/8
   - Umbral configurado: 15.00%
   - ¿Supera umbral?: SÍ ⚠️

📈 DRIFT EN 'predicted_label':
   - Drift detectado: NO ✅
   - Score del test: 0.0919
   - Test estadístico usado: Jensen-Shannon distance
   - P-value < 0.05: NO

📈 DRIFT EN 'predicted_label':
   - Drift detectado: NO ✅
   - Score del test: 0.0919
   - Test estadístico usado: Jensen-Shannon distance
   - P-value < 0.05: NO

🎯 DATASET DRIFT:
   - Drift detectado: SÍ ⚠️
   - Porcentaje de features con drift: 50.00%
   - Features con drift: 6/8
   - Umbral configurado: 15.00%
   - ¿Supera umbral?: SÍ ⚠️

📈 DRIFT EN 'text_length':
   - Drift detectado: SÍ ⚠️
   - Score del test: 1.2650
   - Test estadístico usado: Wasserstein distance (normed)
   - P-value < 0.05: SÍ

📈 DRIFT EN 'word_count':
   - Drift detectado: SÍ ⚠️
   - Score del test: 1.2963
   - Test estadístico usado: Wasserstein distance (normed)
   - P-value < 0.05: SÍ

📈 DRIFT EN 'max_probability':
   - Drift detectado: SÍ ⚠️
   - Score del test: 0.7676
   - Test estadístico usado: Wasserstein distance (normed)
   - P-value < 0.05: SÍ

📊 COMPARACIÓN DE DISTRIBUCIONES:
   Referencia (n=10000)
   - Predicciones positivas: 50.38%
   - Confianza promedio: 0.845
   - Longitud promedio texto: 1305

   Producción (n=8)
   - Predicciones positivas: 37.50%
   - Confianza promedio: 0.956
   - Longitud promedio texto: 44
✓ Reporte de drift guardado en: monitoring_data/drift_report_20250904_211937.html
⚠️  ALERTA: Se detectó drift significativo. Reentrenamiento recomendado.
  - Dataset drift: 50.00%
  - Prediction drift: False
  - Confidence drift: True
JSON successfully written: {'needs_retrain': True, 'drift_metrics': {'dataset_drift': 0.5, 'prediction_drift': False, 'text_length_drift': True, 'confidence_drift': True, 'timestamp': '2025-09-04T21:19:37.369030'}, 'timestamp': '2025-09-04T21:19:38.137134'}
[2025-09-04T21:19:38.348-0500] {logging_mixin.py:154} INFO - Errores: /Users/sebatiancarvalho/Desktop/Repositorios/SCSProjects/movie-sentiment-mlops-V3/venv_mlops/lib/python3.9/site-packages/pydantic/_internal/_fields.py:128: UserWarning: Field "model_server_url" has conflict with protected namespace "model_".

You may be able to resolve this warning by setting `model_config['protected_namespaces'] = ()`.
  warnings.warn(
/Users/sebatiancarvalho/Desktop/Repositorios/SCSProjects/movie-sentiment-mlops-V3/venv_mlops/lib/python3.9/site-packages/pydantic/_internal/_config.py:317: UserWarning: Valid config keys have changed in V2:
* 'schema_extra' has been renamed to 'json_schema_extra'
  warnings.warn(message, UserWarning)
[2025-09-04T21:19:38.353-0500] {logging_mixin.py:154} INFO - ✅ Drift detectado - Procediendo con reentrenamiento
[2025-09-04T21:19:38.354-0500] {python.py:194} INFO - Done. Returned value was: retrain_model
[2025-09-04T21:19:38.354-0500] {python.py:227} INFO - Branch callable return retrain_model
[2025-09-04T21:19:38.354-0500] {skipmixin.py:173} INFO - Following branch retrain_model
[2025-09-04T21:19:38.356-0500] {skipmixin.py:239} INFO - Skipping tasks [('skip_retrain', -1)]
[2025-09-04T21:19:38.363-0500] {taskinstance.py:1400} INFO - Marking task as SUCCESS. dag_id=movie_sentiment_retrain, task_id=check_drift, execution_date=20250905T021923, start_date=20250905T021931, end_date=20250905T021938
[2025-09-04T21:19:38.403-0500] {local_task_job_runner.py:228} INFO - Task exited with return code 0
[2025-09-04T21:19:38.414-0500] {taskinstance.py:2778} INFO - 1 downstream tasks scheduled from follow-on schedule check
