[2025-09-03T20:34:34.701-0500] {taskinstance.py:1159} INFO - Dependencies all met for dep_context=non-requeueable deps ti=<TaskInstance: movie_sentiment_retrain.notify_results scheduled__2025-09-03T00:00:00+00:00 [queued]>
[2025-09-03T20:34:34.704-0500] {taskinstance.py:1159} INFO - Dependencies all met for dep_context=requeueable deps ti=<TaskInstance: movie_sentiment_retrain.notify_results scheduled__2025-09-03T00:00:00+00:00 [queued]>
[2025-09-03T20:34:34.704-0500] {taskinstance.py:1361} INFO - Starting attempt 1 of 2
[2025-09-03T20:34:34.709-0500] {taskinstance.py:1382} INFO - Executing <Task(PythonOperator): notify_results> on 2025-09-03 00:00:00+00:00
[2025-09-03T20:34:34.715-0500] {standard_task_runner.py:57} INFO - Started process 98515 to run task
[2025-09-03T20:34:34.718-0500] {standard_task_runner.py:84} INFO - Running: ['airflow', 'tasks', 'run', 'movie_sentiment_retrain', 'notify_results', 'scheduled__2025-09-03T00:00:00+00:00', '--job-id', '4', '--raw', '--subdir', 'DAGS_FOLDER/retrain_pipeline.py', '--cfg-path', '/var/folders/q5/0d_dg10s4m55__wc3fybh0280000gr/T/tmppxry6yjg']
[2025-09-03T20:34:34.720-0500] {standard_task_runner.py:85} INFO - Job 4: Subtask notify_results
[2025-09-03T20:34:34.744-0500] {task_command.py:416} INFO - Running <TaskInstance: movie_sentiment_retrain.notify_results scheduled__2025-09-03T00:00:00+00:00 [running]> on host SebastianSamay.local
[2025-09-03T20:34:34.763-0500] {taskinstance.py:1662} INFO - Exporting env vars: AIRFLOW_CTX_DAG_OWNER='mlops-team' AIRFLOW_CTX_DAG_ID='movie_sentiment_retrain' AIRFLOW_CTX_TASK_ID='notify_results' AIRFLOW_CTX_EXECUTION_DATE='2025-09-03T00:00:00+00:00' AIRFLOW_CTX_TRY_NUMBER='1' AIRFLOW_CTX_DAG_RUN_ID='scheduled__2025-09-03T00:00:00+00:00'
[2025-09-03T20:34:34.769-0500] {logging_mixin.py:154} INFO - ==================================================
[2025-09-03T20:34:34.769-0500] {logging_mixin.py:154} INFO - 📧 RESUMEN DEL PIPELINE
[2025-09-03T20:34:34.769-0500] {logging_mixin.py:154} INFO - ==================================================
[2025-09-03T20:34:34.769-0500] {logging_mixin.py:154} INFO - Fecha: 2025-09-03 20:34:34.769626
[2025-09-03T20:34:34.769-0500] {logging_mixin.py:154} INFO - Drift detectado: None
[2025-09-03T20:34:34.770-0500] {logging_mixin.py:154} INFO - No se entrenó nuevo modelo
[2025-09-03T20:34:34.770-0500] {logging_mixin.py:154} INFO - ==================================================
[2025-09-03T20:34:34.770-0500] {python.py:194} INFO - Done. Returned value was: True
[2025-09-03T20:34:34.774-0500] {taskinstance.py:1400} INFO - Marking task as SUCCESS. dag_id=movie_sentiment_retrain, task_id=notify_results, execution_date=20250903T000000, start_date=20250904T013434, end_date=20250904T013434
[2025-09-03T20:34:34.813-0500] {local_task_job_runner.py:228} INFO - Task exited with return code 0
[2025-09-03T20:34:34.820-0500] {taskinstance.py:2778} INFO - 0 downstream tasks scheduled from follow-on schedule check
