[2025-09-05T13:05:57.834-0500] {taskinstance.py:1159} INFO - Dependencies all met for dep_context=non-requeueable deps ti=<TaskInstance: movie_sentiment_retrain.notify_results manual__2025-09-05T17:59:50.501181+00:00 [queued]>
[2025-09-05T13:05:57.837-0500] {taskinstance.py:1159} INFO - Dependencies all met for dep_context=requeueable deps ti=<TaskInstance: movie_sentiment_retrain.notify_results manual__2025-09-05T17:59:50.501181+00:00 [queued]>
[2025-09-05T13:05:57.837-0500] {taskinstance.py:1361} INFO - Starting attempt 1 of 2
[2025-09-05T13:05:57.842-0500] {taskinstance.py:1382} INFO - Executing <Task(PythonOperator): notify_results> on 2025-09-05 17:59:50.501181+00:00
[2025-09-05T13:05:57.846-0500] {standard_task_runner.py:57} INFO - Started process 28089 to run task
[2025-09-05T13:05:57.849-0500] {standard_task_runner.py:84} INFO - Running: ['airflow', 'tasks', 'run', 'movie_sentiment_retrain', 'notify_results', 'manual__2025-09-05T17:59:50.501181+00:00', '--job-id', '39', '--raw', '--subdir', 'DAGS_FOLDER/retrain_pipeline.py', '--cfg-path', '/var/folders/q5/0d_dg10s4m55__wc3fybh0280000gr/T/tmpdzwcadet']
[2025-09-05T13:05:57.851-0500] {standard_task_runner.py:85} INFO - Job 39: Subtask notify_results
[2025-09-05T13:05:57.866-0500] {task_command.py:416} INFO - Running <TaskInstance: movie_sentiment_retrain.notify_results manual__2025-09-05T17:59:50.501181+00:00 [running]> on host SebastianSamay.local
[2025-09-05T13:05:57.885-0500] {taskinstance.py:1662} INFO - Exporting env vars: AIRFLOW_CTX_DAG_OWNER='mlops-team' AIRFLOW_CTX_DAG_ID='movie_sentiment_retrain' AIRFLOW_CTX_TASK_ID='notify_results' AIRFLOW_CTX_EXECUTION_DATE='2025-09-05T17:59:50.501181+00:00' AIRFLOW_CTX_TRY_NUMBER='1' AIRFLOW_CTX_DAG_RUN_ID='manual__2025-09-05T17:59:50.501181+00:00'
[2025-09-05T13:05:57.886-0500] {logging_mixin.py:154} INFO - ==================================================
[2025-09-05T13:05:57.886-0500] {logging_mixin.py:154} INFO - 📊 RESUMEN DEL PIPELINE
[2025-09-05T13:05:57.887-0500] {logging_mixin.py:154} INFO - ==================================================
[2025-09-05T13:05:57.887-0500] {logging_mixin.py:154} INFO - Fecha: 2025-09-05 13:05:57.887269
[2025-09-05T13:05:57.890-0500] {logging_mixin.py:154} INFO - Drift detectado: Sí
[2025-09-05T13:05:57.890-0500] {logging_mixin.py:154} INFO -   - Dataset drift: 0.5
[2025-09-05T13:05:57.891-0500] {logging_mixin.py:154} INFO - 
📦 Nuevo modelo: logistic_regression_bayesian.pkl
[2025-09-05T13:05:57.891-0500] {logging_mixin.py:154} INFO - ⚠️ Error leyendo comparación: Expecting value: line 24 column 21 (char 493)
[2025-09-05T13:05:57.891-0500] {logging_mixin.py:154} INFO - ==================================================
[2025-09-05T13:05:57.892-0500] {python.py:194} INFO - Done. Returned value was: True
[2025-09-05T13:05:57.895-0500] {taskinstance.py:1400} INFO - Marking task as SUCCESS. dag_id=movie_sentiment_retrain, task_id=notify_results, execution_date=20250905T175950, start_date=20250905T180557, end_date=20250905T180557
[2025-09-05T13:05:57.906-0500] {local_task_job_runner.py:228} INFO - Task exited with return code 0
[2025-09-05T13:05:57.912-0500] {taskinstance.py:2778} INFO - 0 downstream tasks scheduled from follow-on schedule check
