[2025-09-04T22:13:38.269-0500] {taskinstance.py:1159} INFO - Dependencies all met for dep_context=non-requeueable deps ti=<TaskInstance: movie_sentiment_retrain.retrain_model manual__2025-09-05T03:13:15.101905+00:00 [queued]>
[2025-09-04T22:13:38.272-0500] {taskinstance.py:1159} INFO - Dependencies all met for dep_context=requeueable deps ti=<TaskInstance: movie_sentiment_retrain.retrain_model manual__2025-09-05T03:13:15.101905+00:00 [queued]>
[2025-09-04T22:13:38.272-0500] {taskinstance.py:1361} INFO - Starting attempt 1 of 2
[2025-09-04T22:13:38.278-0500] {taskinstance.py:1382} INFO - Executing <Task(PythonOperator): retrain_model> on 2025-09-05 03:13:15.101905+00:00
[2025-09-04T22:13:38.283-0500] {standard_task_runner.py:57} INFO - Started process 41470 to run task
[2025-09-04T22:13:38.287-0500] {standard_task_runner.py:84} INFO - Running: ['airflow', 'tasks', 'run', 'movie_sentiment_retrain', 'retrain_model', 'manual__2025-09-05T03:13:15.101905+00:00', '--job-id', '141', '--raw', '--subdir', 'DAGS_FOLDER/retrain_pipeline.py', '--cfg-path', '/var/folders/q5/0d_dg10s4m55__wc3fybh0280000gr/T/tmpbwr8uh15']
[2025-09-04T22:13:38.288-0500] {standard_task_runner.py:85} INFO - Job 141: Subtask retrain_model
[2025-09-04T22:13:38.305-0500] {task_command.py:416} INFO - Running <TaskInstance: movie_sentiment_retrain.retrain_model manual__2025-09-05T03:13:15.101905+00:00 [running]> on host SebastianSamay.local
[2025-09-04T22:13:38.326-0500] {taskinstance.py:1662} INFO - Exporting env vars: AIRFLOW_CTX_DAG_OWNER='mlops-team' AIRFLOW_CTX_DAG_ID='movie_sentiment_retrain' AIRFLOW_CTX_TASK_ID='retrain_model' AIRFLOW_CTX_EXECUTION_DATE='2025-09-05T03:13:15.101905+00:00' AIRFLOW_CTX_TRY_NUMBER='1' AIRFLOW_CTX_DAG_RUN_ID='manual__2025-09-05T03:13:15.101905+00:00'
[2025-09-04T22:13:38.326-0500] {logging_mixin.py:154} INFO - Proyecto en: /Users/sebatiancarvalho/Desktop/Repositorios/SCSProjects/movie-sentiment-mlops-V3
[2025-09-04T22:13:38.327-0500] {logging_mixin.py:154} INFO - Directorio de trabajo actual: /Users/sebatiancarvalho/Desktop/Repositorios/SCSProjects/movie-sentiment-mlops-V3
[2025-09-04T22:13:38.327-0500] {logging_mixin.py:154} INFO - Iniciando reentrenamiento: logistic_regression_retrained_20250904_221338.pkl
[2025-09-04T22:16:22.506-0500] {logging_mixin.py:154} INFO - Código de retorno: 0
[2025-09-04T22:16:22.507-0500] {logging_mixin.py:154} INFO - Salida: Dataset Cargado con Exito!
                                                  review sentiment
0      One of the other reviewers has mentioned that ...  positive
1      A wonderful little production. <br /><br />The...  positive
2      I thought this was a wonderful way to spend ti...  positive
3      Basically there's a family where a little boy ...  negative
4      Petter Mattei's "Love in the Time of Money" is...  positive
...                                                  ...       ...
49995  I thought this movie did a down right good job...  positive
49996  Bad plot, bad dialogue, bad acting, idiotic di...  negative
49997  I am a Catholic taught in parochial elementary...  negative
49998  I'm going to have to disagree with the previou...  negative
49999  No one expects the Star Trek movies to be high...  negative

[50000 rows x 2 columns]
Limpiando texto...
Datos de entrenamiento: 40000 muestras
Datos de prueba: 10000 muestras
Balance de clases en train: {1: 20000, 0: 20000}
Inic
[2025-09-04T22:16:22.508-0500] {logging_mixin.py:154} INFO - ✅ Modelo renombrado a: logistic_regression_retrained_20250904_221338.pkl
[2025-09-04T22:16:22.515-0500] {python.py:194} INFO - Done. Returned value was: logistic_regression_retrained_20250904_221338.pkl
[2025-09-04T22:16:22.520-0500] {taskinstance.py:1400} INFO - Marking task as SUCCESS. dag_id=movie_sentiment_retrain, task_id=retrain_model, execution_date=20250905T031315, start_date=20250905T031338, end_date=20250905T031622
[2025-09-04T22:16:22.554-0500] {local_task_job_runner.py:228} INFO - Task exited with return code 0
[2025-09-04T22:16:22.563-0500] {taskinstance.py:2778} INFO - 1 downstream tasks scheduled from follow-on schedule check
