[2025-09-04T20:15:04.380-0500] {taskinstance.py:1159} INFO - Dependencies all met for dep_context=non-requeueable deps ti=<TaskInstance: movie_sentiment_retrain.notify_results manual__2025-09-05T01:14:34.645591+00:00 [queued]>
[2025-09-04T20:15:04.382-0500] {taskinstance.py:1159} INFO - Dependencies all met for dep_context=requeueable deps ti=<TaskInstance: movie_sentiment_retrain.notify_results manual__2025-09-05T01:14:34.645591+00:00 [queued]>
[2025-09-04T20:15:04.382-0500] {taskinstance.py:1361} INFO - Starting attempt 1 of 2
[2025-09-04T20:15:04.387-0500] {taskinstance.py:1382} INFO - Executing <Task(PythonOperator): notify_results> on 2025-09-05 01:14:34.645591+00:00
[2025-09-04T20:15:04.392-0500] {standard_task_runner.py:57} INFO - Started process 28503 to run task
[2025-09-04T20:15:04.395-0500] {standard_task_runner.py:84} INFO - Running: ['airflow', 'tasks', 'run', 'movie_sentiment_retrain', 'notify_results', 'manual__2025-09-05T01:14:34.645591+00:00', '--job-id', '74', '--raw', '--subdir', 'DAGS_FOLDER/retrain_pipeline.py', '--cfg-path', '/var/folders/q5/0d_dg10s4m55__wc3fybh0280000gr/T/tmpu8cxqh_f']
[2025-09-04T20:15:04.397-0500] {standard_task_runner.py:85} INFO - Job 74: Subtask notify_results
[2025-09-04T20:15:04.412-0500] {task_command.py:416} INFO - Running <TaskInstance: movie_sentiment_retrain.notify_results manual__2025-09-05T01:14:34.645591+00:00 [running]> on host SebastianSamay.local
[2025-09-04T20:15:04.433-0500] {taskinstance.py:1662} INFO - Exporting env vars: AIRFLOW_CTX_DAG_OWNER='mlops-team' AIRFLOW_CTX_DAG_ID='movie_sentiment_retrain' AIRFLOW_CTX_TASK_ID='notify_results' AIRFLOW_CTX_EXECUTION_DATE='2025-09-05T01:14:34.645591+00:00' AIRFLOW_CTX_TRY_NUMBER='1' AIRFLOW_CTX_DAG_RUN_ID='manual__2025-09-05T01:14:34.645591+00:00'
[2025-09-04T20:15:04.436-0500] {logging_mixin.py:154} INFO - ==================================================
[2025-09-04T20:15:04.436-0500] {logging_mixin.py:154} INFO - 📧 RESUMEN DEL PIPELINE
[2025-09-04T20:15:04.437-0500] {logging_mixin.py:154} INFO - ==================================================
[2025-09-04T20:15:04.437-0500] {logging_mixin.py:154} INFO - Fecha: 2025-09-04 20:15:04.437163
[2025-09-04T20:15:04.437-0500] {logging_mixin.py:154} INFO - Drift detectado: None
[2025-09-04T20:15:04.437-0500] {logging_mixin.py:154} INFO - No se entrenó nuevo modelo
[2025-09-04T20:15:04.437-0500] {logging_mixin.py:154} INFO - ==================================================
[2025-09-04T20:15:04.437-0500] {python.py:194} INFO - Done. Returned value was: True
[2025-09-04T20:15:04.442-0500] {taskinstance.py:1400} INFO - Marking task as SUCCESS. dag_id=movie_sentiment_retrain, task_id=notify_results, execution_date=20250905T011434, start_date=20250905T011504, end_date=20250905T011504
[2025-09-04T20:15:04.449-0500] {local_task_job_runner.py:228} INFO - Task exited with return code 0
[2025-09-04T20:15:04.454-0500] {taskinstance.py:2778} INFO - 0 downstream tasks scheduled from follow-on schedule check
