[2025-09-03T21:29:36.249-0500] {taskinstance.py:1159} INFO - Dependencies all met for dep_context=non-requeueable deps ti=<TaskInstance: movie_sentiment_retrain.check_drift manual__2025-09-04T02:29:29.320332+00:00 [queued]>
[2025-09-03T21:29:36.251-0500] {taskinstance.py:1159} INFO - Dependencies all met for dep_context=requeueable deps ti=<TaskInstance: movie_sentiment_retrain.check_drift manual__2025-09-04T02:29:29.320332+00:00 [queued]>
[2025-09-03T21:29:36.251-0500] {taskinstance.py:1361} INFO - Starting attempt 1 of 2
[2025-09-03T21:29:36.256-0500] {taskinstance.py:1382} INFO - Executing <Task(BranchPythonOperator): check_drift> on 2025-09-04 02:29:29.320332+00:00
[2025-09-03T21:29:36.260-0500] {standard_task_runner.py:57} INFO - Started process 4442 to run task
[2025-09-03T21:29:36.263-0500] {standard_task_runner.py:84} INFO - Running: ['airflow', 'tasks', 'run', 'movie_sentiment_retrain', 'check_drift', 'manual__2025-09-04T02:29:29.320332+00:00', '--job-id', '41', '--raw', '--subdir', 'DAGS_FOLDER/retrain_pipeline.py', '--cfg-path', '/var/folders/q5/0d_dg10s4m55__wc3fybh0280000gr/T/tmpkqbxgbf8']
[2025-09-03T21:29:36.264-0500] {standard_task_runner.py:85} INFO - Job 41: Subtask check_drift
[2025-09-03T21:29:36.279-0500] {task_command.py:416} INFO - Running <TaskInstance: movie_sentiment_retrain.check_drift manual__2025-09-04T02:29:29.320332+00:00 [running]> on host SebastianSamay.local
[2025-09-03T21:29:36.297-0500] {taskinstance.py:1662} INFO - Exporting env vars: AIRFLOW_CTX_DAG_OWNER='mlops-team' AIRFLOW_CTX_DAG_ID='movie_sentiment_retrain' AIRFLOW_CTX_TASK_ID='check_drift' AIRFLOW_CTX_EXECUTION_DATE='2025-09-04T02:29:29.320332+00:00' AIRFLOW_CTX_TRY_NUMBER='1' AIRFLOW_CTX_DAG_RUN_ID='manual__2025-09-04T02:29:29.320332+00:00'
[2025-09-03T21:29:49.969-0500] {logging_mixin.py:154} INFO - Salida del monitor: Datos de referencia cargados: 10000 muestras

============================================================
📊 ANÁLISIS DETALLADO DE DRIFT
============================================================

🎯 DATASET DRIFT:
   - Drift detectado: SÍ ⚠️
   - Porcentaje de features con drift: 50.00%
   - Features con drift: 7/8
   - Umbral configurado: 15.00%
   - ¿Supera umbral?: SÍ ⚠️

📈 DRIFT EN 'predicted_label':
   - Drift detectado: SÍ ⚠️
   - Score del test: 0.1813
   - Test estadístico usado: Jensen-Shannon distance
   - P-value < 0.05: SÍ

📈 DRIFT EN 'predicted_label':
   - Drift detectado: SÍ ⚠️
   - Score del test: 0.1813
   - Test estadístico usado: Jensen-Shannon distance
   - P-value < 0.05: SÍ

🎯 DATASET DRIFT:
   - Drift detectado: SÍ ⚠️
   - Porcentaje de features con drift: 50.00%
   - Features con drift: 7/8
   - Umbral configurado: 15.00%
   - ¿Supera umbral?: SÍ ⚠️

📈 DRIFT EN 'text_length':
   - Drift detectado: SÍ ⚠️
   - Score del test: 1.2801
   - Test estadístico usado: Wasserstein distance (normed)
   - P-value < 0.05: SÍ

📈 DRIFT EN 'word_count':
   - Drift detectado: SÍ ⚠️
   - Score del test: 1.3079
   - Test estadístico usado: Wasserstein distance (normed)
   - P-value < 0.05: SÍ

📈 DRIFT EN 'max_probability':
   - Drift detectado: SÍ ⚠️
   - Score del test: 0.7101
   - Test estadístico usado: Wasserstein distance (normed)
   - P-value < 0.05: SÍ

📊 COMPARACIÓN DE DISTRIBUCIONES:
   Referencia (n=10000)
   - Predicciones positivas: 50.38%
   - Confianza promedio: 0.845
   - Longitud promedio texto: 1305

   Producción (n=8)
   - Predicciones positivas: 75.00%
   - Confianza promedio: 0.745
   - Longitud promedio texto: 29
✓ Reporte de drift guardado en: monitoring_data/drift_report_20250903_212948.html
⚠️  ALERTA: Se detectó drift significativo. Reentrenamiento recomendado.
  - Dataset drift: 50.00%
  - Prediction drift: False
  - Confidence drift: True
[2025-09-03T21:29:49.970-0500] {logging_mixin.py:154} INFO - Errores: /Users/sebatiancarvalho/Desktop/Repositorios/SCSProjects/movie-sentiment-mlops-V3/venv_mlops/lib/python3.9/site-packages/pydantic/_internal/_fields.py:128: UserWarning: Field "model_server_url" has conflict with protected namespace "model_".

You may be able to resolve this warning by setting `model_config['protected_namespaces'] = ()`.
  warnings.warn(
/Users/sebatiancarvalho/Desktop/Repositorios/SCSProjects/movie-sentiment-mlops-V3/venv_mlops/lib/python3.9/site-packages/pydantic/_internal/_config.py:317: UserWarning: Valid config keys have changed in V2:
* 'schema_extra' has been renamed to 'json_schema_extra'
  warnings.warn(message, UserWarning)
/Users/sebatiancarvalho/Desktop/Repositorios/SCSProjects/movie-sentiment-mlops-V3/venv_mlops/lib/python3.9/site-packages/evidently/metrics/data_integrity/dataset_missing_values_metric.py:147: FutureWarning: elementwise comparison failed; returning scalar instead, but in the future will perform elementwise comparison
  elif missing_value in row.values:
Traceback (most recent call last):
  File "/Users/sebatiancarvalho/Desktop/Repositorios/SCSProjects/movie-sentiment-mlops-V3/monitoring/drift_monitor.py", line 510, in <module>
    needs_retrain = check_drift_for_airflow()
  File "/Users/sebatiancarvalho/Desktop/Repositorios/SCSProjects/movie-sentiment-mlops-V3/monitoring/drift_monitor.py", line 495, in check_drift_for_airflow
    json.dump(result, f)
  File "/Library/Developer/CommandLineTools/Library/Frameworks/Python3.framework/Versions/3.9/lib/python3.9/json/__init__.py", line 179, in dump
    for chunk in iterable:
  File "/Library/Developer/CommandLineTools/Library/Frameworks/Python3.framework/Versions/3.9/lib/python3.9/json/encoder.py", line 431, in _iterencode
    yield from _iterencode_dict(o, _current_indent_level)
  File "/Library/Developer/CommandLineTools/Library/Frameworks/Python3.framework/Versions/3.9/lib/python3.9/json/encoder.py", line 405, in _iterencode_dict
    yield from chunks
  File "/Library/Developer/CommandLineTools/Library/Frameworks/Python3.framework/Versions/3.9/lib/python3.9/json/encoder.py", line 405, in _iterencode_dict
    yield from chunks
  File "/Library/Developer/CommandLineTools/Library/Frameworks/Python3.framework/Versions/3.9/lib/python3.9/json/encoder.py", line 438, in _iterencode
    o = _default(o)
  File "/Library/Developer/CommandLineTools/Library/Frameworks/Python3.framework/Versions/3.9/lib/python3.9/json/encoder.py", line 179, in default
    raise TypeError(f'Object of type {o.__class__.__name__} '
TypeError: Object of type bool_ is not JSON serializable
[2025-09-03T21:29:49.971-0500] {logging_mixin.py:154} INFO - Error verificando drift: Expecting value: line 1 column 113 (char 112)
[2025-09-03T21:29:49.971-0500] {python.py:194} INFO - Done. Returned value was: skip_retrain
[2025-09-03T21:29:49.971-0500] {python.py:227} INFO - Branch callable return skip_retrain
[2025-09-03T21:29:49.971-0500] {skipmixin.py:173} INFO - Following branch skip_retrain
[2025-09-03T21:29:49.975-0500] {skipmixin.py:239} INFO - Skipping tasks [('retrain_model', -1)]
[2025-09-03T21:29:49.984-0500] {taskinstance.py:1400} INFO - Marking task as SUCCESS. dag_id=movie_sentiment_retrain, task_id=check_drift, execution_date=20250904T022929, start_date=20250904T022936, end_date=20250904T022949
[2025-09-03T21:29:49.992-0500] {local_task_job_runner.py:228} INFO - Task exited with return code 0
[2025-09-03T21:29:50.002-0500] {taskinstance.py:2778} INFO - 0 downstream tasks scheduled from follow-on schedule check
