[2025-09-04T19:36:39.086-0500] {taskinstance.py:1159} INFO - Dependencies all met for dep_context=non-requeueable deps ti=<TaskInstance: movie_sentiment_retrain.notify_results manual__2025-09-05T00:36:09.727780+00:00 [queued]>
[2025-09-04T19:36:39.089-0500] {taskinstance.py:1159} INFO - Dependencies all met for dep_context=requeueable deps ti=<TaskInstance: movie_sentiment_retrain.notify_results manual__2025-09-05T00:36:09.727780+00:00 [queued]>
[2025-09-04T19:36:39.089-0500] {taskinstance.py:1361} INFO - Starting attempt 1 of 2
[2025-09-04T19:36:39.095-0500] {taskinstance.py:1382} INFO - Executing <Task(PythonOperator): notify_results> on 2025-09-05 00:36:09.727780+00:00
[2025-09-04T19:36:39.100-0500] {standard_task_runner.py:57} INFO - Started process 24258 to run task
[2025-09-04T19:36:39.103-0500] {standard_task_runner.py:84} INFO - Running: ['airflow', 'tasks', 'run', 'movie_sentiment_retrain', 'notify_results', 'manual__2025-09-05T00:36:09.727780+00:00', '--job-id', '56', '--raw', '--subdir', 'DAGS_FOLDER/retrain_pipeline.py', '--cfg-path', '/var/folders/q5/0d_dg10s4m55__wc3fybh0280000gr/T/tmpekcm4dra']
[2025-09-04T19:36:39.104-0500] {standard_task_runner.py:85} INFO - Job 56: Subtask notify_results
[2025-09-04T19:36:39.119-0500] {task_command.py:416} INFO - Running <TaskInstance: movie_sentiment_retrain.notify_results manual__2025-09-05T00:36:09.727780+00:00 [running]> on host SebastianSamay.local
[2025-09-04T19:36:39.139-0500] {taskinstance.py:1662} INFO - Exporting env vars: AIRFLOW_CTX_DAG_OWNER='mlops-team' AIRFLOW_CTX_DAG_ID='movie_sentiment_retrain' AIRFLOW_CTX_TASK_ID='notify_results' AIRFLOW_CTX_EXECUTION_DATE='2025-09-05T00:36:09.727780+00:00' AIRFLOW_CTX_TRY_NUMBER='1' AIRFLOW_CTX_DAG_RUN_ID='manual__2025-09-05T00:36:09.727780+00:00'
[2025-09-04T19:36:39.142-0500] {logging_mixin.py:154} INFO - ==================================================
[2025-09-04T19:36:39.142-0500] {logging_mixin.py:154} INFO - 📧 RESUMEN DEL PIPELINE
[2025-09-04T19:36:39.143-0500] {logging_mixin.py:154} INFO - ==================================================
[2025-09-04T19:36:39.143-0500] {logging_mixin.py:154} INFO - Fecha: 2025-09-04 19:36:39.143216
[2025-09-04T19:36:39.143-0500] {logging_mixin.py:154} INFO - Drift detectado: None
[2025-09-04T19:36:39.143-0500] {logging_mixin.py:154} INFO - No se entrenó nuevo modelo
[2025-09-04T19:36:39.143-0500] {logging_mixin.py:154} INFO - ==================================================
[2025-09-04T19:36:39.143-0500] {python.py:194} INFO - Done. Returned value was: True
[2025-09-04T19:36:39.148-0500] {taskinstance.py:1400} INFO - Marking task as SUCCESS. dag_id=movie_sentiment_retrain, task_id=notify_results, execution_date=20250905T003609, start_date=20250905T003639, end_date=20250905T003639
[2025-09-04T19:36:39.157-0500] {local_task_job_runner.py:228} INFO - Task exited with return code 0
[2025-09-04T19:36:39.163-0500] {taskinstance.py:2778} INFO - 0 downstream tasks scheduled from follow-on schedule check
