[2025-09-05T06:05:27.745-0500] {taskinstance.py:1159} INFO - Dependencies all met for dep_context=non-requeueable deps ti=<TaskInstance: movie_sentiment_retrain.check_drift manual__2025-09-05T11:05:20.748288+00:00 [queued]>
[2025-09-05T06:05:27.747-0500] {taskinstance.py:1159} INFO - Dependencies all met for dep_context=requeueable deps ti=<TaskInstance: movie_sentiment_retrain.check_drift manual__2025-09-05T11:05:20.748288+00:00 [queued]>
[2025-09-05T06:05:27.747-0500] {taskinstance.py:1361} INFO - Starting attempt 1 of 2
[2025-09-05T06:05:27.753-0500] {taskinstance.py:1382} INFO - Executing <Task(BranchPythonOperator): check_drift> on 2025-09-05 11:05:20.748288+00:00
[2025-09-05T06:05:27.757-0500] {standard_task_runner.py:57} INFO - Started process 89336 to run task
[2025-09-05T06:05:27.760-0500] {standard_task_runner.py:84} INFO - Running: ['airflow', 'tasks', 'run', 'movie_sentiment_retrain', 'check_drift', 'manual__2025-09-05T11:05:20.748288+00:00', '--job-id', '11', '--raw', '--subdir', 'DAGS_FOLDER/retrain_pipeline.py', '--cfg-path', '/var/folders/q5/0d_dg10s4m55__wc3fybh0280000gr/T/tmpm2o8nx9b']
[2025-09-05T06:05:27.761-0500] {standard_task_runner.py:85} INFO - Job 11: Subtask check_drift
[2025-09-05T06:05:27.777-0500] {task_command.py:416} INFO - Running <TaskInstance: movie_sentiment_retrain.check_drift manual__2025-09-05T11:05:20.748288+00:00 [running]> on host SebastianSamay.local
[2025-09-05T06:05:27.796-0500] {taskinstance.py:1662} INFO - Exporting env vars: AIRFLOW_CTX_DAG_OWNER='mlops-team' AIRFLOW_CTX_DAG_ID='movie_sentiment_retrain' AIRFLOW_CTX_TASK_ID='check_drift' AIRFLOW_CTX_EXECUTION_DATE='2025-09-05T11:05:20.748288+00:00' AIRFLOW_CTX_TRY_NUMBER='1' AIRFLOW_CTX_DAG_RUN_ID='manual__2025-09-05T11:05:20.748288+00:00'
[2025-09-05T06:05:27.802-0500] {logging_mixin.py:154} INFO - ==================================================
[2025-09-05T06:05:27.802-0500] {logging_mixin.py:154} INFO - VERIFICACIÓN DE DRIFT
[2025-09-05T06:05:27.803-0500] {logging_mixin.py:154} INFO - ==================================================
[2025-09-05T06:05:27.803-0500] {logging_mixin.py:154} INFO - Proyecto en: /Users/sebatiancarvalho/Desktop/Repositorios/SCSProjects/movie-sentiment-mlops-V3
[2025-09-05T06:05:27.803-0500] {logging_mixin.py:154} INFO - DRIFT_THRESHOLD: 0.15
[2025-09-05T06:05:34.772-0500] {logging_mixin.py:154} INFO - 
--- Resultado del subprocess ---
[2025-09-05T06:05:34.773-0500] {logging_mixin.py:154} INFO - Código de retorno: 1
[2025-09-05T06:05:34.773-0500] {logging_mixin.py:154} INFO - Stdout: Use Airflow!
reference_data_path
Datos de referencia cargados: 10000 muestras

============================================================
📊 ANÁLISIS DETALLADO DE DRIFT
============================================================

🎯 DATASET DRIFT:
   - Drift detectado: SÍ ⚠️
   - Porcentaje de features con drift: 50.00%
   - Features con drift: 6/8
   - Umbral configurado: 15.00%
   - ¿Supera umbral?: SÍ ⚠️

📈 DRIFT EN 'predicted_label':
   - Drift detectado: NO ✅
   - Score del test: 0.0919
  
[2025-09-05T06:05:34.773-0500] {logging_mixin.py:154} INFO - Stderr: /Users/sebatiancarvalho/Desktop/Repositorios/SCSProjects/movie-sentiment-mlops-V3/venv_mlops/lib/python3.9/site-packages/pydantic/_internal/_fields.py:128: UserWarning: Field "model_server_url" has conflict with protected namespace "model_".

You may be able to resolve this warning by setting `model_config['protected_namespaces'] = ()`.
  warnings.warn(
/Users/sebatiancarvalho/Desktop/Repositorios/SCSProjects/movie-sentiment-mlops-V3/venv_mlops/lib/python3.9/site-packages/pydantic/_internal/_con
[2025-09-05T06:05:34.774-0500] {logging_mixin.py:154} INFO - 
--- Contenido del JSON ---
[2025-09-05T06:05:34.774-0500] {logging_mixin.py:154} INFO - {
  "needs_retrain": true,
  "drift_metrics": {
    "dataset_drift": 0.5,
    "prediction_drift": false,
    "text_length_drift": true,
    "confidence_drift": true,
    "timestamp": "2025-09-05T06:05
[2025-09-05T06:05:34.774-0500] {logging_mixin.py:154} INFO - 
--- Análisis del Drift ---
[2025-09-05T06:05:34.774-0500] {logging_mixin.py:154} INFO - needs_retrain: True
[2025-09-05T06:05:34.774-0500] {logging_mixin.py:154} INFO - dataset_drift: 0.5
[2025-09-05T06:05:34.781-0500] {logging_mixin.py:154} INFO - 
✅ DECISIÓN: Drift detectado - REENTRENAMIENTO
[2025-09-05T06:05:34.781-0500] {python.py:194} INFO - Done. Returned value was: retrain_model
[2025-09-05T06:05:34.781-0500] {python.py:227} INFO - Branch callable return retrain_model
[2025-09-05T06:05:34.782-0500] {skipmixin.py:173} INFO - Following branch retrain_model
[2025-09-05T06:05:34.784-0500] {skipmixin.py:239} INFO - Skipping tasks [('skip_retrain', -1)]
[2025-09-05T06:05:34.791-0500] {taskinstance.py:1400} INFO - Marking task as SUCCESS. dag_id=movie_sentiment_retrain, task_id=check_drift, execution_date=20250905T110520, start_date=20250905T110527, end_date=20250905T110534
[2025-09-05T06:05:34.835-0500] {local_task_job_runner.py:228} INFO - Task exited with return code 0
[2025-09-05T06:05:34.847-0500] {taskinstance.py:2778} INFO - 1 downstream tasks scheduled from follow-on schedule check
